<?xml version="1.0" encoding="UTF-8"?>
<coverage generated="1691582309547" clover="3.2.0">
  <project timestamp="1691582309548" name="All files">
    <metrics statements="6" coveredstatements="6" conditionals="7" coveredconditionals="5" methods="2" coveredmethods="2" elements="15" coveredelements="13" complexity="0" loc="6" ncloc="6" packages="1" files="1" classes="1"/>
    <file name="index.ts" path="C:\$Chimera\OneDrive - CHIMERA TECHNOLOGIES PVT LTD\Working Folder\Training\Testing\src\index.ts">
      <metrics statements="6" coveredstatements="6" conditionals="7" coveredconditionals="5" methods="2" coveredmethods="2"/>
      <line num="2" count="1" type="stmt"/>
      <line num="3" count="8" type="cond" truecount="1" falsecount="0"/>
      <line num="4" count="1" type="stmt"/>
      <line num="5" count="7" type="stmt"/>
      <line num="6" count="7" type="cond" truecount="4" falsecount="2"/>
      <line num="7" count="14" type="stmt"/>
    </file>
  </project>
</coverage>
