<?xml version="1.0" encoding="UTF-8"?>
<coverage generated="1691654365735" clover="3.2.0">
  <project timestamp="1691654365735" name="All files">
    <metrics statements="13" coveredstatements="12" conditionals="17" coveredconditionals="14" methods="2" coveredmethods="2" elements="32" coveredelements="28" complexity="0" loc="13" ncloc="13" packages="1" files="1" classes="1"/>
    <file name="index.ts" path="C:\$Chimera\OneDrive - CHIMERA TECHNOLOGIES PVT LTD\Working Folder\Training\Testing\src\index.ts">
      <metrics statements="13" coveredstatements="12" conditionals="17" coveredconditionals="14" methods="2" coveredmethods="2"/>
      <line num="2" count="1" type="stmt"/>
      <line num="3" count="9" type="cond" truecount="1" falsecount="0"/>
      <line num="4" count="1" type="stmt"/>
      <line num="5" count="8" type="stmt"/>
      <line num="6" count="8" type="stmt"/>
      <line num="7" count="8" type="cond" truecount="6" falsecount="0"/>
      <line num="8" count="8" type="cond" truecount="2" falsecount="0"/>
      <line num="9" count="1" type="stmt"/>
      <line num="10" count="7" type="cond" truecount="1" falsecount="1"/>
      <line num="11" count="0" type="stmt"/>
      <line num="13" count="7" type="stmt"/>
      <line num="14" count="7" type="cond" truecount="4" falsecount="2"/>
      <line num="15" count="14" type="stmt"/>
    </file>
  </project>
</coverage>
