{"C:\\$Chimera\\OneDrive - CHIMERA TECHNOLOGIES PVT LTD\\Working Folder\\Training\\Testing\\src\\index.ts": {"path":"C:\\$Chimera\\OneDrive - CHIMERA TECHNOLOGIES PVT LTD\\Working Folder\\Training\\Testing\\src\\index.ts","statementMap":{"0":{"start":{"line":3,"column":4},"end":{"line":4,"column":13}},"1":{"start":{"line":4,"column":4},"end":{"line":4,"column":13}},"2":{"start":{"line":5,"column":24},"end":{"line":5,"column":31}},"3":{"start":{"line":6,"column":28},"end":{"line":6,"column":30}},"4":{"start":{"line":7,"column":4},"end":{"line":7,"column":63}},"5":{"start":{"line":8,"column":4},"end":{"line":16,"column":null}},"6":{"start":{"line":9,"column":8},"end":{"line":9,"column":null}},"7":{"start":{"line":10,"column":10},"end":{"line":16,"column":null}},"8":{"start":{"line":11,"column":8},"end":{"line":11,"column":null}},"9":{"start":{"line":13,"column":18},"end":{"line":13,"column":26}},"10":{"start":{"line":14,"column":8},"end":{"line":14,"column":59}},"11":{"start":{"line":15,"column":8},"end":{"line":15,"column":61}},"12":{"start":{"line":15,"column":47},"end":{"line":15,"column":56}},"13":{"start":{"line":2,"column":0},"end":{"line":2,"column":16}}},"fnMap":{"0":{"name":"add","decl":{"start":{"line":2,"column":16},"end":{"line":2,"column":19}},"loc":{"start":{"line":2,"column":34},"end":{"line":18,"column":1}}},"1":{"name":"(anonymous_1)","decl":{"start":{"line":15,"column":33},"end":{"line":15,"column":34}},"loc":{"start":{"line":15,"column":47},"end":{"line":15,"column":56}}}},"branchMap":{"0":{"loc":{"start":{"line":3,"column":4},"end":{"line":4,"column":13}},"type":"if","locations":[{"start":{"line":3,"column":4},"end":{"line":4,"column":13}}]},"1":{"loc":{"start":{"line":7,"column":15},"end":{"line":7,"column":62}},"type":"binary-expr","locations":[{"start":{"line":7,"column":15},"end":{"line":7,"column":56}},{"start":{"line":7,"column":60},"end":{"line":7,"column":62}}]},"2":{"loc":{"start":{"line":7,"column":15},"end":{"line":7,"column":56}},"type":"cond-expr","locations":[{"start":{"line":7,"column":43},"end":{"line":7,"column":45}},{"start":{"line":7,"column":43},"end":{"line":7,"column":56}}]},"3":{"loc":{"start":{"line":7,"column":15},"end":{"line":7,"column":45}},"type":"binary-expr","locations":[{"start":{"line":7,"column":15},"end":{"line":7,"column":45}},{"start":{"line":7,"column":43},"end":{"line":7,"column":45}}]},"4":{"loc":{"start":{"line":8,"column":4},"end":{"line":16,"column":null}},"type":"if","locations":[{"start":{"line":8,"column":4},"end":{"line":16,"column":null}},{"start":{"line":10,"column":10},"end":{"line":16,"column":null}}]},"5":{"loc":{"start":{"line":10,"column":10},"end":{"line":16,"column":null}},"type":"if","locations":[{"start":{"line":10,"column":10},"end":{"line":16,"column":null}},{"start":{"line":12,"column":9},"end":{"line":16,"column":null}}]},"6":{"loc":{"start":{"line":14,"column":19},"end":{"line":14,"column":58}},"type":"binary-expr","locations":[{"start":{"line":14,"column":19},"end":{"line":14,"column":52}},{"start":{"line":14,"column":56},"end":{"line":14,"column":58}}]},"7":{"loc":{"start":{"line":14,"column":19},"end":{"line":14,"column":52}},"type":"cond-expr","locations":[{"start":{"line":14,"column":39},"end":{"line":14,"column":41}},{"start":{"line":14,"column":39},"end":{"line":14,"column":52}}]},"8":{"loc":{"start":{"line":14,"column":19},"end":{"line":14,"column":41}},"type":"binary-expr","locations":[{"start":{"line":14,"column":19},"end":{"line":14,"column":41}},{"start":{"line":14,"column":39},"end":{"line":14,"column":41}}]}},"s":{"0":9,"1":1,"2":8,"3":8,"4":8,"5":8,"6":1,"7":7,"8":0,"9":7,"10":7,"11":7,"12":14,"13":1},"f":{"0":9,"1":14},"b":{"0":[1],"1":[8,7],"2":[7,1],"3":[8,1],"4":[1,7],"5":[0,7],"6":[7,0],"7":[0,7],"8":[7,7]}}
}
