{"C:\\$Chimera\\OneDrive - CHIMERA TECHNOLOGIES PVT LTD\\Working Folder\\Training\\Testing\\src\\index.ts": {"path":"C:\\$Chimera\\OneDrive - CHIMERA TECHNOLOGIES PVT LTD\\Working Folder\\Training\\Testing\\src\\index.ts","statementMap":{"0":{"start":{"line":3,"column":4},"end":{"line":4,"column":13}},"1":{"start":{"line":4,"column":4},"end":{"line":4,"column":13}},"2":{"start":{"line":5,"column":14},"end":{"line":5,"column":22}},"3":{"start":{"line":6,"column":21},"end":{"line":6,"column":60}},"4":{"start":{"line":7,"column":4},"end":{"line":7,"column":57}},"5":{"start":{"line":7,"column":43},"end":{"line":7,"column":52}},"6":{"start":{"line":2,"column":0},"end":{"line":2,"column":16}}},"fnMap":{"0":{"name":"add","decl":{"start":{"line":2,"column":16},"end":{"line":2,"column":19}},"loc":{"start":{"line":2,"column":34},"end":{"line":8,"column":1}}},"1":{"name":"(anonymous_1)","decl":{"start":{"line":7,"column":29},"end":{"line":7,"column":30}},"loc":{"start":{"line":7,"column":43},"end":{"line":7,"column":52}}}},"branchMap":{"0":{"loc":{"start":{"line":3,"column":4},"end":{"line":4,"column":13}},"type":"if","locations":[{"start":{"line":3,"column":4},"end":{"line":4,"column":13}}]},"1":{"loc":{"start":{"line":6,"column":21},"end":{"line":6,"column":60}},"type":"binary-expr","locations":[{"start":{"line":6,"column":21},"end":{"line":6,"column":54}},{"start":{"line":6,"column":58},"end":{"line":6,"column":60}}]},"2":{"loc":{"start":{"line":6,"column":21},"end":{"line":6,"column":54}},"type":"cond-expr","locations":[{"start":{"line":6,"column":41},"end":{"line":6,"column":43}},{"start":{"line":6,"column":41},"end":{"line":6,"column":54}}]},"3":{"loc":{"start":{"line":6,"column":21},"end":{"line":6,"column":43}},"type":"binary-expr","locations":[{"start":{"line":6,"column":21},"end":{"line":6,"column":43}},{"start":{"line":6,"column":41},"end":{"line":6,"column":43}}]}},"s":{"0":8,"1":1,"2":7,"3":7,"4":7,"5":14,"6":1},"f":{"0":8,"1":14},"b":{"0":[1],"1":[7,0],"2":[0,7],"3":[7,7]}}
}
